151
4 0 1 2 7
4 3 5 6 4
4 8 10 11 12
4 14 13 9 28
4 15 17 16 18
4 19 20 21 35
4 22 23 24 25
4 31 26 27 33
4 34 29 32 30
4 38 36 37 41
4 40 45 46 47
4 48 50 39 42
4 44 43 49 51
4 52 55 56 60
4 61 54 64 53
4 57 58 59 62
4 65 70 63 69
4 72 66 71 67
4 73 68 74 77
4 76 80 86 75
4 78 81 93 79
4 89 97 82 83
4 91 84 85 87
4 90 92 88 94
4 95 96 98 99
4 100 101 105 104
4 111 106 102 103
4 108 107 115 112
4 113 109 117 110
4 114 119 120 116
4 121 118 123 124
4 128 129 122 125
4 139 126 127 130
4 132 131 133 134
4 141 135 136 137
4 138 147 140 142
4 144 149 143 145
4 154 153 146 148
4 155 151 156 150
4 158 152 157 159
4 162 165 160 161
4 163 166 164 170
4 174 167 168 169
4 175 172 177 171
4 180 173 176 178
4 181 182 179 185
4 187 189 186 183
3 190 188 184
3 193 196 192
3 197 191 195
3 199 198 194
3 201 200 204
3 203 212 202
3 208 213 214
3 210 219 205
3 207 221 206
3 209 215 216
3 217 218 211
3 234 225 220
3 226 235 222
3 230 236 223
3 231 224 227
3 237 228 229
3 233 232 238
3 240 239 241
3 242 244 245
3 252 247 249
3 256 243 246
3 251 248 250
3 254 258 259
3 261 253 255
3 264 263 257
3 266 267 260
3 268 271 262
3 269 278 265
3 273 276 279
3 277 284 270
3 286 274 280
3 283 288 272
3 285 292 275
3 299 281 282
3 289 294 287
3 298 300 290
3 301 295 306
3 310 291 293
3 311 296 297
3 302 315 303
3 319 304 305
3 307 320 308
3 322 309 313
3 324 326 312
3 325 330 314
3 328 333 316
3 329 317 321
3 334 318 323
3 337 327 331
3 332 335 336
3 339 338 340
3 341 345 342
3 347 348 350
3 351 352 343
3 356 358 344
3 360 346 349
3 353 369 355
3 359 362 354
3 364 361 357
3 363 365 367
3 371 366 368
3 373 370 372
3 375 376 374
3 377 378 379
3 384 385 380
3 387 388 390
3 391 381 383
3 392 397 382
3 396 399 407
3 420 386 389
3 394 393 395
3 400 398 402
3 401 403 404
3 405 406 408
3 409 410 412
3 414 411 419
3 421 413 415
3 423 422 416
3 424 425 430
3 434 427 417
3 429 441 418
3 431 426 428
3 433 432 437
3 443 438 435
3 439 445 436
3 442 448 440
3 444 449 451
3 452 446 447
3 454 450 453
3 455 456 457
3 462 459 458
3 460 461 463
3 467 473 464
3 475 468 465
3 482 466 469
3 472 474 470
3 484 471 476
3 486 477 478
3 492 479 481
3 480 483 485
3 487 488 489
3 490 494 491
3 495 499 493
3 497 498 496